2026-03-01 00:17:33 | INFO     | logsentry.__main__ | ============================================================
2026-03-01 00:17:33 | INFO     | logsentry.__main__ |   LogSentry — Training Pipeline
2026-03-01 00:17:33 | INFO     | logsentry.__main__ | ============================================================
2026-03-01 00:17:33 | INFO     | logsentry.__main__ | Device: cpu
2026-03-01 00:17:33 | INFO     | logsentry.__main__ | [Data] Loading pre-training dataset...
2026-03-01 00:17:37 | INFO     | logsentry.__main__ | [Data] Pre-train pairs: 200
2026-03-01 00:17:37 | INFO     | logsentry.__main__ | [Data] Loading fine-tuning dataset...
2026-03-01 00:18:34 | INFO     | logsentry.__main__ | ============================================================
2026-03-01 00:18:34 | INFO     | logsentry.__main__ |   LogSentry — Training Pipeline
2026-03-01 00:18:34 | INFO     | logsentry.__main__ | ============================================================
2026-03-01 00:18:34 | INFO     | logsentry.__main__ | Device: cpu
2026-03-01 00:18:34 | INFO     | logsentry.__main__ | [Data] Loading pre-training dataset...
2026-03-01 00:18:37 | INFO     | logsentry.__main__ | [Data] Pre-train pairs: 200
2026-03-01 00:18:37 | INFO     | logsentry.__main__ | [Data] Loading fine-tuning dataset...
2026-03-01 00:19:25 | INFO     | logsentry.__main__ | [Data] Fine-tune samples: 1994
2026-03-01 00:19:25 | INFO     | logsentry.__main__ | [Pretrain] Starting contrastive pre-training...
2026-03-01 00:19:27 | INFO     | logsentry.__main__ | [Pretrain] Trainable params: 3,074 (BERT frozen)
2026-03-01 08:45:48 | INFO     | logsentry.__main__ | ============================================================
2026-03-01 08:45:48 | INFO     | logsentry.__main__ |   LogSentry — Training Pipeline
2026-03-01 08:45:48 | INFO     | logsentry.__main__ | ============================================================
2026-03-01 08:45:48 | INFO     | logsentry.__main__ | Device: cpu
2026-03-01 08:45:48 | INFO     | logsentry.__main__ | [Data] Loading pre-training dataset...
2026-03-01 08:45:51 | INFO     | logsentry.__main__ | [Data] Pre-train pairs: 200
2026-03-01 08:45:51 | INFO     | logsentry.__main__ | [Data] Loading fine-tuning dataset...
2026-03-01 08:46:41 | INFO     | logsentry.__main__ | [Data] Fine-tune samples: 1994
2026-03-01 08:46:41 | INFO     | logsentry.__main__ | [Pretrain] Starting contrastive pre-training...
2026-03-01 08:46:42 | INFO     | logsentry.__main__ | [Pretrain] Trainable params: 3,074 (BERT frozen)
2026-03-01 08:47:20 | INFO     | logsentry.training.pretrain | [Pretrain] Epoch 1/1 — Loss: 3.0558
2026-03-01 08:47:20 | INFO     | logsentry.__main__ | [Finetune] Starting supervised fine-tuning...
2026-03-01 08:47:20 | INFO     | logsentry.__main__ | [Finetune] Trainable params: 591,361 (BERT frozen)
2026-03-01 08:50:42 | INFO     | logsentry.training.finetune | [Finetune] Epoch 1/1 — Loss: 0.2949
2026-03-01 08:50:43 | INFO     | logsentry.__main__ | Saved encoder    → ai-models\bert_encoder.pt
2026-03-01 08:50:43 | INFO     | logsentry.__main__ | Saved classifier → ai-models\log_classifier.pt
2026-03-01 08:52:49 | INFO     | logsentry.__main__ | Pipeline complete.
2026-03-01 09:14:06 | INFO     | logsentry.__main__ | ============================================================
2026-03-01 09:14:06 | INFO     | logsentry.__main__ |   LogSentry — Prediction & Evaluation
2026-03-01 09:14:06 | INFO     | logsentry.__main__ | ============================================================
2026-03-01 09:14:06 | INFO     | logsentry.__main__ | Device : cpu
2026-03-01 09:14:06 | INFO     | logsentry.__main__ | [Data] Loading HDFSFinetuneDataset …
2026-03-01 09:14:55 | INFO     | logsentry.__main__ | [Data] 1994 sessions loaded.
2026-03-01 09:14:55 | INFO     | logsentry.__main__ | [Load] Encoder -> ai-models\bert_encoder.pt
2026-03-01 09:14:56 | INFO     | logsentry.__main__ | [Load] Classifier -> ai-models\log_classifier.pt
2026-03-01 09:14:56 | INFO     | logsentry.__main__ | [Load] KNN index -> ai-models/knn.index
2026-03-01 09:14:56 | INFO     | logsentry.__main__ | [Calibrate] Computing KNN distance distribution for novel threshold
2026-03-01 09:18:50 | INFO     | logsentry.__main__ | [Calibrate] NN-dist  mean=0.0207  std=0.3464  ->  novel_thresh=0.7135  (mean + 2.0σ)
2026-03-01 09:18:50 | INFO     | logsentry.__main__ | [Predict] Running inference on 1994 sessions …
2026-03-01 09:21:46 | DEBUG    | logsentry.__main__ | [Predict] Processed 800 / 1994 sessions
2026-03-01 09:24:57 | DEBUG    | logsentry.__main__ | [Predict] Processed 1600 / 1994 sessions
2026-03-01 09:26:24 | INFO     | logsentry.__main__ | [Metrics] Computing evaluation metrics …
2026-03-01 09:26:24 | INFO     | logsentry.__main__ | 
============================================================
  LogSentry — Anomaly Detection Evaluation Report
============================================================

📁 Model Artefacts
  Encoder    : ai-models\bert_encoder.pt
  Classifier : ai-models\log_classifier.pt
  KNN index  : ai-models
  Beta (β)   : 0.68
  KNN-k      : 10
  Novel thresh: 0.7135

📊 Dataset
  Total sessions : 1994
  Anomalies (GT) : 68
  Normals   (GT) : 1926

📈 Classification Metrics
  Accuracy   : 0.9659
  Precision  : 0.0000
  Recall     : 0.0000
  F1-Score   : 0.0000
  MCC        : 0.0000
  FPR        : 0.0000
  FNR        : 1.0000

📉 Curve-based Metrics
  ROC-AUC    : 0.5655
  PR-AUC     : 0.0795

🔲 Confusion Matrix  (rows=GT, cols=Pred)
             Pred=Normal  Pred=Anomaly
  GT=Normal         1926             0
  GT=Anomaly          68             0

🆕 KNN-RAG: Novel Log Category Detection
  Novel sessions : 8
    ↳ Anomaly    : 3
    ↳ Normal     : 5
  Known sessions : 1986
    ↳ Anomaly    : 65
    ↳ Normal     : 1921

============================================================
2026-03-01 09:26:24 | INFO     | logsentry.__main__ | Metrics saved → result\metrics.txt
2026-03-01 09:26:24 | INFO     | logsentry.__main__ | [Visualizations] Generating plots → result\visualizations
2026-03-01 09:26:26 | INFO     | logsentry.__main__ | ============================================================
2026-03-01 09:26:26 | INFO     | logsentry.__main__ |   Evaluation complete.
2026-03-01 09:26:26 | INFO     | logsentry.__main__ |   Metrics  : result\metrics.txt
2026-03-01 09:26:26 | INFO     | logsentry.__main__ |   Plots    : result\visualizations/
2026-03-01 09:26:26 | INFO     | logsentry.__main__ | ============================================================
2026-03-01 12:55:08 | INFO     | logsentry.__main__ | ============================================================
2026-03-01 12:55:08 | INFO     | logsentry.__main__ |   LogSentry — Prediction & Evaluation
2026-03-01 12:55:08 | INFO     | logsentry.__main__ | ============================================================
2026-03-01 12:55:08 | INFO     | logsentry.__main__ | Device : cuda
2026-03-01 12:55:08 | INFO     | logsentry.__main__ | [Data] Loading HDFSFinetuneDataset …
2026-03-01 12:56:05 | INFO     | logsentry.__main__ | [Data] 7940 sessions loaded.
2026-03-01 12:56:05 | INFO     | logsentry.__main__ | [Load] Encoder -> ai-models/100k-dataset\bert_encoder.pt
2026-03-01 12:57:14 | INFO     | logsentry.__main__ | ============================================================
2026-03-01 12:57:14 | INFO     | logsentry.__main__ |   LogSentry — Training Pipeline
2026-03-01 12:57:14 | INFO     | logsentry.__main__ | ============================================================
2026-03-01 12:57:14 | INFO     | logsentry.__main__ | Device: cuda
2026-03-01 12:57:14 | INFO     | logsentry.__main__ | [Data] Loading pre-training dataset...
2026-03-01 12:57:23 | INFO     | logsentry.__main__ | [Data] Pre-train pairs: 10000
2026-03-01 12:57:23 | INFO     | logsentry.__main__ | [Data] Loading fine-tuning dataset...
2026-03-01 12:58:14 | INFO     | logsentry.__main__ | [Data] Fine-tune samples: 7940
2026-03-01 12:58:14 | INFO     | logsentry.__main__ | [Pretrain] Starting contrastive pre-training...
2026-03-01 12:58:16 | INFO     | logsentry.__main__ | [Pretrain] Trainable params: 3,074 (BERT frozen)
2026-03-01 13:06:42 | INFO     | logsentry.__main__ | ============================================================
2026-03-01 13:06:42 | INFO     | logsentry.__main__ |   LogSentry — Training Pipeline
2026-03-01 13:06:42 | INFO     | logsentry.__main__ | ============================================================
2026-03-01 13:06:42 | INFO     | logsentry.__main__ | Device: cuda
2026-03-01 13:06:42 | INFO     | logsentry.__main__ | [Data] Loading pre-training dataset...
2026-03-01 13:06:52 | INFO     | logsentry.__main__ | [Data] Pre-train pairs: 10000
2026-03-01 13:06:52 | INFO     | logsentry.__main__ | [Data] Loading fine-tuning dataset...
2026-03-01 13:07:51 | INFO     | logsentry.__main__ | [Data] Fine-tune samples: 7940
2026-03-01 13:07:51 | INFO     | logsentry.__main__ | [Pretrain] Starting contrastive pre-training...
2026-03-01 13:07:52 | INFO     | logsentry.__main__ | [Pretrain] Trainable params: 3,074 (BERT frozen)
2026-03-01 13:33:46 | INFO     | logsentry.training.pretrain | [Pretrain] Epoch 1/10 — Avg Loss: 4.8476
2026-03-01 13:40:06 | INFO     | logsentry.__main__ | ============================================================
2026-03-01 13:40:06 | INFO     | logsentry.__main__ |   LogSentry — Training Pipeline
2026-03-01 13:40:06 | INFO     | logsentry.__main__ | ============================================================
2026-03-01 13:40:06 | INFO     | logsentry.__main__ | Device: cuda
2026-03-01 13:40:06 | INFO     | logsentry.__main__ | [Data] Loading pre-training dataset...
2026-03-01 13:40:28 | INFO     | logsentry.__main__ | [Data] Pre-train pairs: 10000
2026-03-01 13:40:28 | INFO     | logsentry.__main__ | [Data] Loading fine-tuning dataset...
2026-03-01 13:41:27 | INFO     | logsentry.__main__ | [Data] Fine-tune samples: 7940
2026-03-01 13:41:27 | INFO     | logsentry.__main__ | [Pretrain] Starting contrastive pre-training...
2026-03-01 13:41:29 | INFO     | logsentry.__main__ | [Pretrain] Trainable params: 3,074 (BERT frozen)
2026-03-01 13:54:32 | INFO     | logsentry.__main__ | ============================================================
2026-03-01 13:54:32 | INFO     | logsentry.__main__ |   LogSentry — Training Pipeline
2026-03-01 13:54:32 | INFO     | logsentry.__main__ | ============================================================
2026-03-01 13:54:32 | INFO     | logsentry.__main__ | Device: cuda
2026-03-01 13:54:32 | INFO     | logsentry.__main__ | [Data] Loading pre-training dataset...
2026-03-01 13:54:35 | INFO     | logsentry.__main__ | [Data] Pre-train pairs: 2000
2026-03-01 13:54:35 | INFO     | logsentry.__main__ | [Data] Loading fine-tuning dataset...
2026-03-01 13:55:21 | INFO     | logsentry.__main__ | [Data] Fine-tune samples: 1994
2026-03-01 13:55:21 | INFO     | logsentry.__main__ | [Pretrain] Starting contrastive pre-training...
2026-03-01 13:55:23 | INFO     | logsentry.__main__ | [Pretrain] Trainable params: 3,074 (BERT frozen)
2026-03-01 13:57:29 | INFO     | logsentry.training.pretrain | [Pretrain] Epoch 1/5 — Avg Loss: 3.7359
2026-03-01 13:59:21 | INFO     | logsentry.training.pretrain | [Pretrain] Epoch 2/5 — Avg Loss: 3.7321
2026-03-01 14:01:23 | INFO     | logsentry.training.pretrain | [Pretrain] Epoch 3/5 — Avg Loss: 3.7079
2026-03-01 14:03:22 | INFO     | logsentry.training.pretrain | [Pretrain] Epoch 4/5 — Avg Loss: 3.7010
2026-03-01 14:05:27 | INFO     | logsentry.training.pretrain | [Pretrain] Epoch 5/5 — Avg Loss: 3.6940
2026-03-01 14:05:27 | INFO     | logsentry.__main__ | [Finetune] Starting supervised fine-tuning...
2026-03-01 14:05:27 | INFO     | logsentry.__main__ | [Finetune] Trainable params: 591,361 (BERT frozen)
2026-03-01 14:06:39 | INFO     | logsentry.training.finetune | [Finetune] Epoch 1/5 — Avg Loss: 0.4384
2026-03-01 14:07:51 | INFO     | logsentry.training.finetune | [Finetune] Epoch 2/5 — Avg Loss: 0.1916
2026-03-01 14:09:03 | INFO     | logsentry.training.finetune | [Finetune] Epoch 3/5 — Avg Loss: 0.1560
2026-03-01 14:10:13 | INFO     | logsentry.training.finetune | [Finetune] Epoch 4/5 — Avg Loss: 0.1534
2026-03-01 14:11:26 | INFO     | logsentry.training.finetune | [Finetune] Epoch 5/5 — Avg Loss: 0.1501
2026-03-01 14:11:27 | INFO     | logsentry.__main__ | Saved encoder    → ai-models/2k-dataset\bert_encoder.pt
2026-03-01 14:11:27 | INFO     | logsentry.__main__ | Saved classifier → ai-models/2k-dataset\log_classifier.pt
2026-03-01 14:12:38 | INFO     | logsentry.__main__ | Pipeline complete.
2026-03-01 14:13:16 | INFO     | logsentry.__main__ | ============================================================
2026-03-01 14:13:16 | INFO     | logsentry.__main__ |   LogSentry — Prediction & Evaluation
2026-03-01 14:13:16 | INFO     | logsentry.__main__ | ============================================================
2026-03-01 14:13:16 | INFO     | logsentry.__main__ | Device : cuda
2026-03-01 14:13:16 | INFO     | logsentry.__main__ | [Data] Loading HDFSFinetuneDataset …
2026-03-01 14:14:01 | INFO     | logsentry.__main__ | [Data] 1994 sessions loaded.
2026-03-01 14:14:01 | INFO     | logsentry.__main__ | [Load] Encoder -> ai-models/2k-dataset\bert_encoder.pt
2026-03-01 14:14:03 | INFO     | logsentry.__main__ | [Load] Classifier -> ai-models/2k-dataset\log_classifier.pt
2026-03-01 14:14:03 | INFO     | logsentry.__main__ | [Load] KNN index -> ai-models/2k-dataset/knn.index
2026-03-01 14:14:03 | INFO     | logsentry.__main__ | [Calibrate] Computing KNN distance distribution for novel threshold
2026-03-01 14:15:04 | INFO     | logsentry.__main__ | [Calibrate] NN-dist  mean=0.0295  std=0.5404  ->  novel_thresh=1.1103  (mean + 2.0σ)
2026-03-01 14:15:04 | INFO     | logsentry.__main__ | [Predict] Running inference on 1994 sessions …
2026-03-01 14:16:42 | DEBUG    | logsentry.__main__ | [Predict] Processed 1600 / 1994 sessions
2026-03-01 14:17:06 | INFO     | logsentry.__main__ | [Metrics] Computing evaluation metrics …
2026-03-01 14:17:06 | INFO     | logsentry.__main__ | 
============================================================
  LogSentry — Anomaly Detection Evaluation Report
============================================================

📁 Model Artefacts
  Encoder    : ai-models/2k-dataset\bert_encoder.pt
  Classifier : ai-models/2k-dataset\log_classifier.pt
  KNN index  : ai-models/2k-dataset
  Beta (β)   : 0.68
  KNN-k      : 10
  Novel thresh: 1.1103

📊 Dataset
  Total sessions : 1994
  Anomalies (GT) : 68
  Normals   (GT) : 1926

📈 Classification Metrics
  Accuracy   : 0.9659
  Precision  : 0.0000
  Recall     : 0.0000
  F1-Score   : 0.0000
  MCC        : 0.0000
  FPR        : 0.0000
  FNR        : 1.0000

📉 Curve-based Metrics
  ROC-AUC    : 0.5008
  PR-AUC     : 0.0763

🔲 Confusion Matrix  (rows=GT, cols=Pred)
             Pred=Normal  Pred=Anomaly
  GT=Normal         1926             0
  GT=Anomaly          68             0

🆕 KNN-RAG: Novel Log Category Detection
  Novel sessions : 8
    ↳ Anomaly    : 3
    ↳ Normal     : 5
  Known sessions : 1986
    ↳ Anomaly    : 65
    ↳ Normal     : 1921

============================================================
2026-03-01 14:17:06 | INFO     | logsentry.__main__ | Metrics saved → result\metrics.txt
2026-03-01 14:17:06 | INFO     | logsentry.__main__ | [Visualizations] Generating plots → result\visualizations
2026-03-01 14:17:07 | INFO     | logsentry.__main__ | ============================================================
2026-03-01 14:17:07 | INFO     | logsentry.__main__ |   Evaluation complete.
2026-03-01 14:17:07 | INFO     | logsentry.__main__ |   Metrics  : result\metrics.txt
2026-03-01 14:17:07 | INFO     | logsentry.__main__ |   Plots    : result\visualizations/
2026-03-01 14:17:07 | INFO     | logsentry.__main__ | ============================================================
2026-03-01 14:22:51 | INFO     | logsentry.__main__ | ============================================================
2026-03-01 14:22:51 | INFO     | logsentry.__main__ |   LogSentry — Prediction & Evaluation
2026-03-01 14:22:51 | INFO     | logsentry.__main__ | ============================================================
2026-03-01 14:22:51 | INFO     | logsentry.__main__ | Device : cuda
2026-03-01 14:22:51 | INFO     | logsentry.__main__ | [Data] Loading HDFSFinetuneDataset …
2026-03-01 14:23:45 | INFO     | logsentry.__main__ | [Data] 1994 sessions loaded.
2026-03-01 14:23:45 | INFO     | logsentry.__main__ | [Load] Encoder -> ai-models/2k-dataset\bert_encoder.pt
2026-03-01 14:23:48 | INFO     | logsentry.__main__ | [Load] Classifier -> ai-models/2k-dataset\log_classifier.pt
2026-03-01 14:24:06 | INFO     | logsentry.__main__ | ============================================================
2026-03-01 14:24:06 | INFO     | logsentry.__main__ |   LogSentry — Prediction & Evaluation
2026-03-01 14:24:06 | INFO     | logsentry.__main__ | ============================================================
2026-03-01 14:24:06 | INFO     | logsentry.__main__ | Device : cuda
2026-03-01 14:24:06 | INFO     | logsentry.__main__ | [Data] Loading HDFSFinetuneDataset …
2026-03-01 14:25:01 | INFO     | logsentry.__main__ | [Data] 1994 sessions loaded.
2026-03-01 14:25:01 | INFO     | logsentry.__main__ | [Load] Encoder -> ai-models/2k-dataset\bert_encoder.pt
2026-03-01 14:25:04 | INFO     | logsentry.__main__ | [Load] Classifier -> ai-models/2k-dataset\log_classifier.pt
2026-03-01 14:25:04 | INFO     | logsentry.__main__ | [Load] KNN index -> ai-models/2k-dataset/knn.index
2026-03-01 14:25:04 | INFO     | logsentry.__main__ | [Calibrate] Computing KNN distance distribution for novel threshold
2026-03-01 14:26:14 | INFO     | logsentry.__main__ | [Calibrate] NN-dist  mean=0.0295  std=0.5404  ->  novel_thresh=1.1103  (mean + 2.0σ)
2026-03-01 14:26:14 | INFO     | logsentry.__main__ | [Predict] Running inference on 1994 sessions …
2026-03-01 14:28:04 | DEBUG    | logsentry.__main__ | [Predict] Processed 1600 / 1994 sessions
2026-03-01 14:28:29 | INFO     | logsentry.__main__ | [Metrics] Computing evaluation metrics …
2026-03-01 14:28:29 | INFO     | logsentry.__main__ | 
============================================================
  LogSentry — Anomaly Detection Evaluation Report
============================================================

📁 Model Artefacts
  Encoder    : ai-models/2k-dataset\bert_encoder.pt
  Classifier : ai-models/2k-dataset\log_classifier.pt
  KNN index  : ai-models/2k-dataset
  Beta (β)   : 0.68
  KNN-k      : 10
  Novel thresh: 1.1103

📊 Dataset
  Total sessions : 1994
  Anomalies (GT) : 68
  Normals   (GT) : 1926

📈 Classification Metrics
  Accuracy   : 0.9659
  Precision  : 0.0000
  Recall     : 0.0000
  F1-Score   : 0.0000
  MCC        : 0.0000
  FPR        : 0.0000
  FNR        : 1.0000

📉 Curve-based Metrics
  ROC-AUC    : 0.5008
  PR-AUC     : 0.0763

🔲 Confusion Matrix  (rows=GT, cols=Pred)
             Pred=Normal  Pred=Anomaly
  GT=Normal         1926             0
  GT=Anomaly          68             0

🆕 KNN-RAG: Novel Log Category Detection
  Novel sessions : 8
    ↳ Anomaly    : 3
    ↳ Normal     : 5
  Known sessions : 1986
    ↳ Anomaly    : 65
    ↳ Normal     : 1921

============================================================
2026-03-01 14:28:29 | INFO     | logsentry.__main__ | Metrics saved → result/2k\metrics.txt
2026-03-01 14:28:29 | INFO     | logsentry.__main__ | [Visualizations] Generating plots → result/2k\visualizations
2026-03-01 14:28:30 | INFO     | logsentry.__main__ | ============================================================
2026-03-01 14:28:30 | INFO     | logsentry.__main__ |   Evaluation complete.
2026-03-01 14:28:30 | INFO     | logsentry.__main__ |   Metrics  : result/2k\metrics.txt
2026-03-01 14:28:30 | INFO     | logsentry.__main__ |   Plots    : result/2k\visualizations/
2026-03-01 14:28:30 | INFO     | logsentry.__main__ | ============================================================
2026-03-01 14:56:19 | INFO     | logsentry.services.hugging_face | Initialize Pushing model to Hugging Face
2026-03-01 14:57:23 | INFO     | logsentry.services.hugging_face | Model pushed to Hugging Face
2026-03-01 15:36:16 | INFO     | logsentry.__main__ | ============================================================
2026-03-01 15:36:16 | INFO     | logsentry.__main__ |   LogSentry — Training Pipeline
2026-03-01 15:36:16 | INFO     | logsentry.__main__ | ============================================================
2026-03-01 15:36:16 | INFO     | logsentry.__main__ | Device: cuda
2026-03-01 15:36:16 | INFO     | logsentry.__main__ | [Data] Loading pre-training dataset...
2026-03-01 15:36:20 | INFO     | logsentry.__main__ | [Data] Pre-train pairs: 2000
2026-03-01 15:36:20 | INFO     | logsentry.__main__ | [Data] Loading fine-tuning dataset...
2026-03-01 15:44:13 | INFO     | logsentry.__main__ | ============================================================
2026-03-01 15:44:13 | INFO     | logsentry.__main__ |   LogSentry — Training Pipeline
2026-03-01 15:44:13 | INFO     | logsentry.__main__ | ============================================================
2026-03-01 15:44:13 | INFO     | logsentry.__main__ | Device: cuda
2026-03-01 15:44:13 | INFO     | logsentry.__main__ | [Data] Loading pre-training dataset...
2026-03-01 15:46:38 | INFO     | logsentry.__main__ | ============================================================
2026-03-01 15:46:38 | INFO     | logsentry.__main__ |   LogSentry — Training Pipeline
2026-03-01 15:46:38 | INFO     | logsentry.__main__ | ============================================================
2026-03-01 15:46:38 | INFO     | logsentry.__main__ | Device: cuda
2026-03-01 15:46:38 | INFO     | logsentry.__main__ | [Data] Loading pre-training dataset...
2026-03-01 15:48:16 | INFO     | logsentry.__main__ | ============================================================
2026-03-01 15:48:16 | INFO     | logsentry.__main__ |   LogSentry — Training Pipeline
2026-03-01 15:48:16 | INFO     | logsentry.__main__ | ============================================================
2026-03-01 15:48:16 | INFO     | logsentry.__main__ | Device: cuda
2026-03-01 15:48:16 | INFO     | logsentry.__main__ | [Data] Loading pre-training dataset...
2026-03-01 15:48:21 | INFO     | logsentry.__main__ | [Data] Pre-train pairs: 2000
2026-03-01 15:48:21 | INFO     | logsentry.__main__ | [Data] Loading fine-tuning dataset...
2026-03-01 15:49:04 | INFO     | logsentry.__main__ | ============================================================
2026-03-01 15:49:04 | INFO     | logsentry.__main__ |   LogSentry — Training Pipeline
2026-03-01 15:49:04 | INFO     | logsentry.__main__ | ============================================================
2026-03-01 15:49:04 | INFO     | logsentry.__main__ | Device: cuda
2026-03-01 15:49:04 | INFO     | logsentry.__main__ | [Data] Loading pre-training dataset...
2026-03-01 15:49:08 | INFO     | logsentry.__main__ | [Data] Pre-train pairs: 2000
2026-03-01 15:49:08 | INFO     | logsentry.__main__ | [Data] Loading fine-tuning dataset...
2026-03-01 15:49:55 | INFO     | logsentry.__main__ | [Data] Fine-tune samples: 1994
2026-03-01 15:49:55 | INFO     | logsentry.__main__ | [Pretrain] Starting contrastive pre-training...
2026-03-01 15:49:58 | INFO     | logsentry.__main__ | [Pretrain] Trainable params: 3,074 (BERT frozen)
2026-03-01 15:50:46 | INFO     | logsentry.training.pretrain | [Pretrain] Epoch 1/5 — Avg Loss: 3.6434
2026-03-01 15:51:34 | INFO     | logsentry.training.pretrain | [Pretrain] Epoch 2/5 — Avg Loss: 3.4322
2026-03-01 15:52:21 | INFO     | logsentry.training.pretrain | [Pretrain] Epoch 3/5 — Avg Loss: 3.3185
2026-03-01 15:53:09 | INFO     | logsentry.training.pretrain | [Pretrain] Epoch 4/5 — Avg Loss: 3.2798
2026-03-01 15:54:08 | INFO     | logsentry.training.pretrain | [Pretrain] Epoch 5/5 — Avg Loss: 3.2452
2026-03-01 15:54:08 | INFO     | logsentry.__main__ | [Finetune] Starting supervised fine-tuning...
2026-03-01 15:54:08 | INFO     | logsentry.__main__ | [Finetune] Trainable params: 591,361 (BERT frozen)
2026-03-01 15:55:21 | INFO     | logsentry.training.finetune | [Finetune] Epoch 1/5 — Avg Loss: 1.3390
2026-03-01 15:56:33 | INFO     | logsentry.training.finetune | [Finetune] Epoch 2/5 — Avg Loss: 1.3512
2026-03-01 15:57:44 | INFO     | logsentry.training.finetune | [Finetune] Epoch 3/5 — Avg Loss: 1.3314
2026-03-01 15:58:56 | INFO     | logsentry.training.finetune | [Finetune] Epoch 4/5 — Avg Loss: 1.3320
2026-03-01 16:00:07 | INFO     | logsentry.training.finetune | [Finetune] Epoch 5/5 — Avg Loss: 1.3911
2026-03-01 16:00:09 | INFO     | logsentry.__main__ | Saved encoder    → ai-models/2k-dataset\bert_encoder.pt
2026-03-01 16:00:09 | INFO     | logsentry.__main__ | Saved classifier → ai-models/2k-dataset\log_classifier.pt
2026-03-01 16:01:19 | INFO     | logsentry.services.hugging_face | Initialize Pushing model to Hugging Face
2026-03-01 16:01:29 | INFO     | logsentry.services.hugging_face | Model pushed to Hugging Face
2026-03-01 16:01:29 | INFO     | logsentry.__main__ | Pipeline complete.
2026-03-01 16:01:48 | INFO     | logsentry.__main__ | ============================================================
2026-03-01 16:01:48 | INFO     | logsentry.__main__ |   LogSentry — Prediction & Evaluation
2026-03-01 16:01:48 | INFO     | logsentry.__main__ | ============================================================
2026-03-01 16:01:48 | INFO     | logsentry.__main__ | Device : cuda
2026-03-01 16:01:48 | INFO     | logsentry.__main__ | [Data] Loading HDFSFinetuneDataset …
2026-03-01 16:02:34 | INFO     | logsentry.__main__ | [Data] 1994 sessions loaded.
2026-03-01 16:02:34 | INFO     | logsentry.__main__ | [Load] Encoder -> ai-models/2k-dataset\bert_encoder.pt
2026-03-01 16:02:36 | INFO     | logsentry.__main__ | [Load] Classifier -> ai-models/2k-dataset\log_classifier.pt
2026-03-01 16:02:37 | INFO     | logsentry.__main__ | [Load] KNN index -> ai-models/2k-dataset/knn.index
2026-03-01 16:02:37 | INFO     | logsentry.__main__ | [Calibrate] Computing KNN distance distribution for novel threshold
2026-03-01 16:03:40 | INFO     | logsentry.__main__ | [Calibrate] NN-dist  mean=0.0101  std=0.2080  ->  novel_thresh=0.4260  (mean + 2.0σ)
2026-03-01 16:03:40 | INFO     | logsentry.__main__ | [Predict] Running inference on 1994 sessions …
2026-03-01 16:05:29 | DEBUG    | logsentry.__main__ | [Predict] Processed 1600 / 1994 sessions
2026-03-01 16:06:01 | INFO     | logsentry.__main__ | [Metrics] Computing evaluation metrics …
2026-03-01 16:06:01 | INFO     | logsentry.__main__ | 
============================================================
  LogSentry — Anomaly Detection Evaluation Report
============================================================

📁 Model Artefacts
  Encoder    : ai-models/2k-dataset\bert_encoder.pt
  Classifier : ai-models/2k-dataset\log_classifier.pt
  KNN index  : ai-models/2k-dataset
  Beta (β)   : 0.68
  KNN-k      : 10
  Novel thresh: 0.426

📊 Dataset
  Total sessions : 1994
  Anomalies (GT) : 68
  Normals   (GT) : 1926

📈 Classification Metrics
  Accuracy   : 0.9669
  Precision  : 1.0000
  Recall     : 0.0294
  F1-Score   : 0.0571
  MCC        : 0.1686
  FPR        : 0.0000
  FNR        : 0.9706

📉 Curve-based Metrics
  ROC-AUC    : 0.6074
  PR-AUC     : 0.0869

🔲 Confusion Matrix  (rows=GT, cols=Pred)
             Pred=Normal  Pred=Anomaly
  GT=Normal         1926             0
  GT=Anomaly          66             2

🆕 KNN-RAG: Novel Log Category Detection
  Novel sessions : 5
    ↳ Anomaly    : 2
    ↳ Normal     : 3
  Known sessions : 1989
    ↳ Anomaly    : 66
    ↳ Normal     : 1923

============================================================
2026-03-01 16:06:01 | INFO     | logsentry.__main__ | Metrics saved → result/2k\metrics.txt
2026-03-01 16:06:01 | INFO     | logsentry.__main__ | [Visualizations] Generating plots → result/2k\visualizations
2026-03-01 16:06:03 | INFO     | logsentry.__main__ | ============================================================
2026-03-01 16:06:03 | INFO     | logsentry.__main__ |   Evaluation complete.
2026-03-01 16:06:03 | INFO     | logsentry.__main__ |   Metrics  : result/2k\metrics.txt
2026-03-01 16:06:03 | INFO     | logsentry.__main__ |   Plots    : result/2k\visualizations/
2026-03-01 16:06:03 | INFO     | logsentry.__main__ | ============================================================
2026-03-01 16:19:27 | INFO     | logsentry.__main__ | ============================================================
2026-03-01 16:19:27 | INFO     | logsentry.__main__ |   LogSentry — Prediction & Evaluation
2026-03-01 16:19:27 | INFO     | logsentry.__main__ | ============================================================
2026-03-01 16:19:27 | INFO     | logsentry.__main__ | Device : cpu
2026-03-01 16:19:27 | INFO     | logsentry.__main__ | [Data] Loading HDFSFinetuneDataset …
2026-03-01 16:20:10 | INFO     | logsentry.__main__ | ============================================================
2026-03-01 16:20:10 | INFO     | logsentry.__main__ |   LogSentry — Prediction & Evaluation
2026-03-01 16:20:10 | INFO     | logsentry.__main__ | ============================================================
2026-03-01 16:20:10 | INFO     | logsentry.__main__ | Device : cuda
2026-03-01 16:20:10 | INFO     | logsentry.__main__ | [Data] Loading HDFSFinetuneDataset …
2026-03-01 16:20:56 | INFO     | logsentry.__main__ | [Data] 1994 sessions loaded.
2026-03-01 16:20:56 | INFO     | logsentry.__main__ | [Load] Encoder -> ai-models/2k-dataset\bert_encoder.pt
2026-03-01 16:20:58 | INFO     | logsentry.__main__ | [Load] Classifier -> ai-models/2k-dataset\log_classifier.pt
2026-03-01 16:20:59 | INFO     | logsentry.__main__ | [Load] KNN index -> ai-models/2k-dataset/knn.index
2026-03-01 16:20:59 | INFO     | logsentry.__main__ | [Calibrate] Computing KNN distance distribution for novel threshold
2026-03-01 16:22:01 | INFO     | logsentry.__main__ | [Calibrate] NN-dist  mean=0.0101  std=0.2080  ->  novel_thresh=0.4260  (mean + 2.0σ)
2026-03-01 16:22:01 | INFO     | logsentry.__main__ | [Predict] Running inference on 1994 sessions …
2026-03-01 16:23:41 | DEBUG    | logsentry.__main__ | [Predict] Processed 1600 / 1994 sessions
2026-03-01 16:24:06 | INFO     | logsentry.__main__ | [Threshold] PR-curve calibration → best threshold=0.4759  F1=0.1067
2026-03-01 16:24:06 | INFO     | logsentry.__main__ | [Metrics] Computing evaluation metrics …
2026-03-01 16:24:06 | INFO     | logsentry.__main__ | 
============================================================
  LogSentry — Anomaly Detection Evaluation Report
============================================================

📁 Model Artefacts
  Encoder    : ai-models/2k-dataset\bert_encoder.pt
  Classifier : ai-models/2k-dataset\log_classifier.pt
  KNN index  : ai-models/2k-dataset
  Beta (β)   : 0.68
  KNN-k      : 10
  Novel thresh: 0.426

📊 Dataset
  Total sessions : 1994
  Anomalies (GT) : 68
  Normals   (GT) : 1926

📈 Classification Metrics
  Accuracy   : 0.9664
  Precision  : 0.5714
  Recall     : 0.0588
  F1-Score   : 0.1067
  MCC        : 0.1757
  FPR        : 0.0016
  FNR        : 0.9412

📉 Curve-based Metrics
  ROC-AUC    : 0.6074
  PR-AUC     : 0.0869

🔲 Confusion Matrix  (rows=GT, cols=Pred)
             Pred=Normal  Pred=Anomaly
  GT=Normal         1923             3
  GT=Anomaly          64             4

🆕 KNN-RAG: Novel Log Category Detection
  Novel sessions : 5
    ↳ Anomaly    : 2
    ↳ Normal     : 3
  Known sessions : 1989
    ↳ Anomaly    : 66
    ↳ Normal     : 1923

============================================================
2026-03-01 16:24:06 | INFO     | logsentry.__main__ | Metrics saved → result/2k\metrics.txt
2026-03-01 16:24:06 | INFO     | logsentry.__main__ | [Visualizations] Generating plots → result/2k\visualizations
2026-03-01 16:24:07 | INFO     | logsentry.__main__ | ============================================================
2026-03-01 16:24:07 | INFO     | logsentry.__main__ |   Evaluation complete.
2026-03-01 16:24:07 | INFO     | logsentry.__main__ |   Metrics  : result/2k\metrics.txt
2026-03-01 16:24:07 | INFO     | logsentry.__main__ |   Plots    : result/2k\visualizations/
2026-03-01 16:24:07 | INFO     | logsentry.__main__ | ============================================================
2026-03-01 16:26:14 | INFO     | logsentry.__main__ | ============================================================
2026-03-01 16:26:14 | INFO     | logsentry.__main__ |   LogSentry — Prediction & Evaluation
2026-03-01 16:26:14 | INFO     | logsentry.__main__ | ============================================================
2026-03-01 16:26:14 | INFO     | logsentry.__main__ | Device : cuda
2026-03-01 16:26:14 | INFO     | logsentry.__main__ | [Data] Loading HDFSFinetuneDataset …
2026-03-01 16:27:01 | INFO     | logsentry.__main__ | [Data] 1994 sessions loaded.
2026-03-01 16:27:01 | INFO     | logsentry.__main__ | [Load] Encoder -> ai-models/2k-dataset\bert_encoder.pt
2026-03-01 16:27:03 | INFO     | logsentry.__main__ | [Load] Classifier -> ai-models/2k-dataset\log_classifier.pt
2026-03-01 16:27:04 | INFO     | logsentry.__main__ | [Load] KNN index -> ai-models/2k-dataset/knn.index
2026-03-01 16:27:04 | INFO     | logsentry.__main__ | [Calibrate] Computing KNN distance distribution for novel threshold
2026-03-01 16:28:07 | INFO     | logsentry.__main__ | [Calibrate] NN-dist  mean=0.0101  std=0.2080  ->  novel_thresh=0.4260  (mean + 2.0σ)
2026-03-01 16:28:07 | INFO     | logsentry.__main__ | [Predict] Running inference on 1994 sessions …
2026-03-01 16:29:51 | DEBUG    | logsentry.__main__ | [Predict] Processed 1600 / 1994 sessions
2026-03-01 16:30:19 | INFO     | logsentry.__main__ | [Metrics] Computing evaluation metrics …
2026-03-01 16:30:19 | INFO     | logsentry.__main__ | 
============================================================
  LogSentry — Anomaly Detection Evaluation Report
============================================================

📁 Model Artefacts
  Encoder    : ai-models/2k-dataset\bert_encoder.pt
  Classifier : ai-models/2k-dataset\log_classifier.pt
  KNN index  : ai-models/2k-dataset
  Beta (β)   : 0.68
  KNN-k      : 10
  Novel thresh: 0.426

📊 Dataset
  Total sessions : 1994
  Anomalies (GT) : 68
  Normals   (GT) : 1926

📈 Classification Metrics
  Accuracy   : 0.9669
  Precision  : 1.0000
  Recall     : 0.0294
  F1-Score   : 0.0571
  MCC        : 0.1686
  FPR        : 0.0000
  FNR        : 0.9706

📉 Curve-based Metrics
  ROC-AUC    : 0.6074
  PR-AUC     : 0.0869

🔲 Confusion Matrix  (rows=GT, cols=Pred)
             Pred=Normal  Pred=Anomaly
  GT=Normal         1926             0
  GT=Anomaly          66             2

🆕 KNN-RAG: Novel Log Category Detection
  Novel sessions : 5
    ↳ Anomaly    : 2
    ↳ Normal     : 3
  Known sessions : 1989
    ↳ Anomaly    : 66
    ↳ Normal     : 1923

============================================================
2026-03-01 16:30:19 | INFO     | logsentry.__main__ | Metrics saved → result/2k\metrics.txt
2026-03-01 16:30:19 | INFO     | logsentry.__main__ | [Visualizations] Generating plots → result/2k\visualizations
2026-03-01 16:30:20 | INFO     | logsentry.__main__ | ============================================================
2026-03-01 16:30:20 | INFO     | logsentry.__main__ |   Evaluation complete.
2026-03-01 16:30:20 | INFO     | logsentry.__main__ |   Metrics  : result/2k\metrics.txt
2026-03-01 16:30:20 | INFO     | logsentry.__main__ |   Plots    : result/2k\visualizations/
2026-03-01 16:30:20 | INFO     | logsentry.__main__ | ============================================================
2026-03-01 16:48:24 | INFO     | logsentry.__main__ | ============================================================
2026-03-01 16:48:24 | INFO     | logsentry.__main__ |   LogSentry — Prediction & Evaluation
2026-03-01 16:48:24 | INFO     | logsentry.__main__ | ============================================================
2026-03-01 16:48:24 | INFO     | logsentry.__main__ | Device : cuda
2026-03-01 16:48:24 | INFO     | logsentry.__main__ | [Data] Loading HDFSFinetuneDataset …
2026-03-01 16:49:11 | INFO     | logsentry.__main__ | [Data] 1994 sessions loaded.
2026-03-01 16:49:11 | INFO     | logsentry.__main__ | [Load] Encoder -> ai-models/2k-dataset\bert_encoder.pt
2026-03-01 16:49:13 | INFO     | logsentry.__main__ | [Load] Classifier -> ai-models/2k-dataset\log_classifier.pt
2026-03-01 16:49:14 | INFO     | logsentry.__main__ | [Load] KNN index -> ai-models/2k-dataset/knn.index
2026-03-01 16:49:14 | INFO     | logsentry.__main__ | [Calibrate] Computing KNN distance distribution for novel threshold
2026-03-01 16:49:55 | INFO     | logsentry.__main__ | [Calibrate] NN-dist  mean=0.0101  std=0.2080  ->  novel_thresh=0.4260  (mean + 2.0σ)
2026-03-01 16:49:55 | INFO     | logsentry.__main__ | [Predict] Running inference on 1994 sessions …
2026-03-01 16:49:55 | INFO     | logsentry.__main__ | [Predict] Using threshold: 0.9659
2026-03-01 16:50:46 | INFO     | logsentry.__main__ | ============================================================
2026-03-01 16:50:46 | INFO     | logsentry.__main__ |   LogSentry — Prediction & Evaluation
2026-03-01 16:50:46 | INFO     | logsentry.__main__ | ============================================================
2026-03-01 16:50:46 | INFO     | logsentry.__main__ | Device : cuda
2026-03-01 16:50:46 | INFO     | logsentry.__main__ | [Data] Loading HDFSFinetuneDataset …
2026-03-01 16:51:35 | INFO     | logsentry.__main__ | [Data] 1994 sessions loaded.
2026-03-01 16:51:35 | INFO     | logsentry.__main__ | [Load] Encoder -> ai-models/2k-dataset\bert_encoder.pt
2026-03-01 16:51:37 | INFO     | logsentry.__main__ | [Load] Classifier -> ai-models/2k-dataset\log_classifier.pt
2026-03-01 16:51:38 | INFO     | logsentry.__main__ | [Load] KNN index -> ai-models/2k-dataset/knn.index
2026-03-01 16:51:38 | INFO     | logsentry.__main__ | [Calibrate] Computing KNN distance distribution for novel threshold
2026-03-01 16:52:17 | INFO     | logsentry.__main__ | [Calibrate] NN-dist  mean=0.0101  std=0.2080  ->  novel_thresh=0.4260  (mean + 2.0σ)
2026-03-01 16:52:17 | INFO     | logsentry.__main__ | [Predict] Running inference on 1994 sessions …
2026-03-01 16:52:17 | INFO     | logsentry.__main__ | [Predict] Using threshold: 0.0341
2026-03-01 16:53:18 | DEBUG    | logsentry.__main__ | [Predict] Processed 1600 / 1994 sessions
2026-03-01 16:53:34 | INFO     | logsentry.__main__ | [Metrics] Computing evaluation metrics …
2026-03-01 16:53:34 | INFO     | logsentry.__main__ | 
============================================================
  LogSentry — Anomaly Detection Evaluation Report
============================================================

📁 Model Artefacts
  Encoder    : ai-models/2k-dataset\bert_encoder.pt
  Classifier : ai-models/2k-dataset\log_classifier.pt
  KNN index  : ai-models/2k-dataset
  Beta (β)   : 0.68
  KNN-k      : 10
  Novel thresh: 0.426

📊 Dataset
  Total sessions : 1994
  Anomalies (GT) : 68
  Normals   (GT) : 1926

📈 Classification Metrics
  Accuracy   : 0.0341
  Precision  : 0.0341
  Recall     : 1.0000
  F1-Score   : 0.0660
  MCC        : 0.0000
  FPR        : 1.0000
  FNR        : 0.0000

📉 Curve-based Metrics
  ROC-AUC    : 0.6074
  PR-AUC     : 0.0869

🔲 Confusion Matrix  (rows=GT, cols=Pred)
             Pred=Normal  Pred=Anomaly
  GT=Normal            0          1926
  GT=Anomaly           0            68

🆕 KNN-RAG: Novel Log Category Detection
  Novel sessions : 5
    ↳ Anomaly    : 2
    ↳ Normal     : 3
  Known sessions : 1989
    ↳ Anomaly    : 66
    ↳ Normal     : 1923

============================================================
2026-03-01 16:53:34 | INFO     | logsentry.__main__ | Metrics saved → result/2k\metrics.txt
2026-03-01 16:53:34 | INFO     | logsentry.__main__ | [Visualizations] Generating plots → result/2k\visualizations
2026-03-01 16:53:35 | INFO     | logsentry.__main__ | ============================================================
2026-03-01 16:53:35 | INFO     | logsentry.__main__ |   Evaluation complete.
2026-03-01 16:53:35 | INFO     | logsentry.__main__ |   Metrics  : result/2k\metrics.txt
2026-03-01 16:53:35 | INFO     | logsentry.__main__ |   Plots    : result/2k\visualizations/
2026-03-01 16:53:35 | INFO     | logsentry.__main__ | ============================================================
2026-03-01 16:57:14 | INFO     | logsentry.__main__ | ============================================================
2026-03-01 16:57:14 | INFO     | logsentry.__main__ |   LogSentry — Prediction & Evaluation
2026-03-01 16:57:14 | INFO     | logsentry.__main__ | ============================================================
2026-03-01 16:57:14 | INFO     | logsentry.__main__ | Device : cuda
2026-03-01 16:57:14 | INFO     | logsentry.__main__ | [Data] Loading HDFSFinetuneDataset …
2026-03-01 16:58:08 | INFO     | logsentry.__main__ | [Data] 1994 sessions loaded.
2026-03-01 16:58:08 | INFO     | logsentry.__main__ | [Load] Encoder -> ai-models/2k-dataset\bert_encoder.pt
2026-03-01 16:58:11 | INFO     | logsentry.__main__ | [Load] Classifier -> ai-models/2k-dataset\log_classifier.pt
2026-03-01 16:58:11 | INFO     | logsentry.__main__ | [Load] KNN index -> ai-models/2k-dataset/knn.index
2026-03-01 16:58:11 | INFO     | logsentry.__main__ | [Calibrate] Computing KNN distance distribution for novel threshold
2026-03-01 16:58:50 | INFO     | logsentry.__main__ | [Calibrate] NN-dist  mean=0.0101  std=0.2080  ->  novel_thresh=0.4260  (mean + 2.0σ)
2026-03-01 16:58:50 | INFO     | logsentry.__main__ | [Predict] Running inference on 1994 sessions …
2026-03-01 17:12:21 | INFO     | logsentry.__main__ | ============================================================
2026-03-01 17:12:21 | INFO     | logsentry.__main__ |   LogSentry — Prediction & Evaluation
2026-03-01 17:12:21 | INFO     | logsentry.__main__ | ============================================================
2026-03-01 17:12:21 | INFO     | logsentry.__main__ | Device : cuda
2026-03-01 17:12:21 | INFO     | logsentry.__main__ | [Data] Loading HDFSFinetuneDataset …
2026-03-01 17:13:10 | INFO     | logsentry.__main__ | [Data] 1994 sessions loaded.
2026-03-01 17:13:10 | INFO     | logsentry.__main__ | [Load] Encoder -> ai-models/2k-dataset\bert_encoder.pt
2026-03-01 17:13:12 | INFO     | logsentry.__main__ | [Load] Classifier -> ai-models/2k-dataset\log_classifier.pt
2026-03-01 17:13:13 | INFO     | logsentry.__main__ | [Load] KNN index -> ai-models/2k-dataset/knn.index
2026-03-01 17:13:13 | INFO     | logsentry.__main__ | [Calibrate] Computing KNN distance distribution for novel threshold
2026-03-01 17:13:54 | INFO     | logsentry.__main__ | [Calibrate] NN-dist  mean=0.0101  std=0.2080  ->  novel_thresh=0.4260  (mean + 2.0σ)
2026-03-01 17:13:54 | INFO     | logsentry.__main__ | [Predict] Running inference on 1994 sessions …
2026-03-01 17:14:58 | DEBUG    | logsentry.__main__ | [Predict] Processed 1600 / 1994 sessions
2026-03-01 17:15:13 | INFO     | logsentry.__main__ | [Threshold] PR-curve optimal threshold → 0.4759
2026-03-01 17:15:13 | INFO     | logsentry.__main__ | [Metrics] Computing evaluation metrics …
2026-03-01 17:15:13 | INFO     | logsentry.__main__ | 
============================================================
  LogSentry — Anomaly Detection Evaluation Report
============================================================

📁 Model Artefacts
  Encoder    : ai-models/2k-dataset\bert_encoder.pt
  Classifier : ai-models/2k-dataset\log_classifier.pt
  KNN index  : ai-models/2k-dataset
  Beta (β)   : 0.68
  KNN-k      : 10
  Novel thresh: 0.426

📊 Dataset
  Total sessions : 1994
  Anomalies (GT) : 68
  Normals   (GT) : 1926

📈 Classification Metrics
  Accuracy   : 0.9664
  Precision  : 0.5714
  Recall     : 0.0588
  F1-Score   : 0.1067
  MCC        : 0.1757
  FPR        : 0.0016
  FNR        : 0.9412

📉 Curve-based Metrics
  ROC-AUC    : 0.6074
  PR-AUC     : 0.0869

🔲 Confusion Matrix  (rows=GT, cols=Pred)
             Pred=Normal  Pred=Anomaly
  GT=Normal         1923             3
  GT=Anomaly          64             4

🆕 KNN-RAG: Novel Log Category Detection
  Novel sessions : 5
    ↳ Anomaly    : 2
    ↳ Normal     : 3
  Known sessions : 1989
    ↳ Anomaly    : 66
    ↳ Normal     : 1923

============================================================
2026-03-01 17:15:13 | INFO     | logsentry.__main__ | Metrics saved → result/2k\metrics.txt
2026-03-01 17:15:13 | INFO     | logsentry.__main__ | [Visualizations] Generating plots → result/2k\visualizations
2026-03-01 17:15:14 | INFO     | logsentry.__main__ | ============================================================
2026-03-01 17:15:14 | INFO     | logsentry.__main__ |   Evaluation complete.
2026-03-01 17:15:14 | INFO     | logsentry.__main__ |   Metrics  : result/2k\metrics.txt
2026-03-01 17:15:14 | INFO     | logsentry.__main__ |   Plots    : result/2k\visualizations/
2026-03-01 17:15:14 | INFO     | logsentry.__main__ | ============================================================
2026-03-01 17:20:13 | INFO     | logsentry.__main__ | ============================================================
2026-03-01 17:20:13 | INFO     | logsentry.__main__ |   LogSentry — Prediction & Evaluation
2026-03-01 17:20:13 | INFO     | logsentry.__main__ | ============================================================
2026-03-01 17:20:13 | INFO     | logsentry.__main__ | Device : cuda
2026-03-01 17:20:13 | INFO     | logsentry.__main__ | [Data] Loading HDFSFinetuneDataset …
2026-03-01 17:21:03 | INFO     | logsentry.__main__ | [Data] 1994 sessions loaded.
2026-03-01 17:21:03 | INFO     | logsentry.__main__ | [Load] Encoder -> ai-models/2k-dataset\bert_encoder.pt
2026-03-01 17:21:05 | INFO     | logsentry.__main__ | [Load] Classifier -> ai-models/2k-dataset\log_classifier.pt
2026-03-01 17:21:05 | INFO     | logsentry.__main__ | [Load] KNN index -> ai-models/2k-dataset/knn.index
2026-03-01 17:21:05 | INFO     | logsentry.__main__ | [Calibrate] Computing KNN distance distribution for novel threshold
2026-03-01 17:21:46 | INFO     | logsentry.__main__ | [Calibrate] NN-dist  mean=0.0101  std=0.2080  ->  novel_thresh=0.4260  (mean + 2.0σ)
2026-03-01 17:21:46 | INFO     | logsentry.__main__ | [Predict] Running inference on 1994 sessions …
2026-03-01 17:23:01 | DEBUG    | logsentry.__main__ | [Predict] Processed 1600 / 1994 sessions
2026-03-01 17:23:22 | INFO     | logsentry.__main__ | [Threshold] PR-curve optimal threshold → 0.4759
2026-03-01 17:23:22 | INFO     | logsentry.__main__ | [Metrics] Computing evaluation metrics …
2026-03-01 17:23:22 | INFO     | logsentry.__main__ | 
============================================================
  LogSentry — Anomaly Detection Evaluation Report
============================================================

📁 Model Artefacts
  Encoder    : ai-models/2k-dataset\bert_encoder.pt
  Classifier : ai-models/2k-dataset\log_classifier.pt
  KNN index  : ai-models/2k-dataset
  Beta (β)   : 0.68
  KNN-k      : 10
  Novel thresh: 0.426

📊 Dataset
  Total sessions : 1994
  Anomalies (GT) : 68
  Normals   (GT) : 1926

📈 Classification Metrics
  Accuracy   : 0.9664
  Precision  : 0.5714
  Recall     : 0.0588
  F1-Score   : 0.1067
  MCC        : 0.1757
  FPR        : 0.0016
  FNR        : 0.9412

📉 Curve-based Metrics
  ROC-AUC    : 0.6074
  PR-AUC     : 0.0869

🔲 Confusion Matrix  (rows=GT, cols=Pred)
             Pred=Normal  Pred=Anomaly
  GT=Normal         1923             3
  GT=Anomaly          64             4

🆕 KNN-RAG: Novel Log Category Detection
  Novel sessions : 5
    ↳ Anomaly    : 2
    ↳ Normal     : 3
  Known sessions : 1989
    ↳ Anomaly    : 66
    ↳ Normal     : 1923

============================================================
2026-03-01 17:23:22 | INFO     | logsentry.__main__ | Metrics saved → result/2k\metrics.txt
2026-03-01 17:23:22 | INFO     | logsentry.__main__ | [Visualizations] Generating plots → result/2k\visualizations
2026-03-01 17:23:23 | INFO     | logsentry.__main__ | ============================================================
2026-03-01 17:23:23 | INFO     | logsentry.__main__ |   Evaluation complete.
2026-03-01 17:23:23 | INFO     | logsentry.__main__ |   Metrics  : result/2k\metrics.txt
2026-03-01 17:23:23 | INFO     | logsentry.__main__ |   Plots    : result/2k\visualizations/
2026-03-01 17:23:23 | INFO     | logsentry.__main__ | ============================================================
2026-03-01 17:27:50 | INFO     | logsentry.__main__ | ============================================================
2026-03-01 17:27:50 | INFO     | logsentry.__main__ |   LogSentry — Prediction & Evaluation
2026-03-01 17:27:50 | INFO     | logsentry.__main__ | ============================================================
2026-03-01 17:27:50 | INFO     | logsentry.__main__ | Device : cuda
2026-03-01 17:27:50 | INFO     | logsentry.__main__ | [Data] Loading HDFSFinetuneDataset …
2026-03-01 17:28:46 | INFO     | logsentry.__main__ | [Data] 1994 sessions loaded.
2026-03-01 17:28:46 | INFO     | logsentry.__main__ | [Load] Encoder -> ai-models/2k-dataset\bert_encoder.pt
2026-03-01 17:28:48 | INFO     | logsentry.__main__ | [Load] Classifier -> ai-models/2k-dataset\log_classifier.pt
2026-03-01 17:28:49 | INFO     | logsentry.__main__ | [Load] KNN index -> ai-models/2k-dataset/knn.index
2026-03-01 17:28:49 | INFO     | logsentry.__main__ | [Calibrate] Computing KNN distance distribution for novel threshold
2026-03-01 17:29:39 | INFO     | logsentry.__main__ | [Calibrate] NN-dist  mean=0.0101  std=0.2080  ->  novel_thresh=0.4260  (mean + 2.0σ)
2026-03-01 17:29:39 | INFO     | logsentry.__main__ | [Predict] Running inference on 1994 sessions …
2026-03-01 17:30:54 | DEBUG    | logsentry.__main__ | [Predict] Processed 1600 / 1994 sessions
2026-03-01 17:31:14 | INFO     | logsentry.__main__ | [Threshold] PR-curve optimal threshold → 0.4759
2026-03-01 17:31:14 | INFO     | logsentry.__main__ | [Metrics] Computing evaluation metrics …
2026-03-01 17:31:14 | INFO     | logsentry.__main__ | 
============================================================
  LogSentry — Anomaly Detection Evaluation Report
============================================================

📁 Model Artefacts
  Encoder    : ai-models/2k-dataset\bert_encoder.pt
  Classifier : ai-models/2k-dataset\log_classifier.pt
  KNN index  : ai-models/2k-dataset
  Beta (β)   : 0.68
  KNN-k      : 10
  Novel thresh: 0.426

📊 Dataset
  Total sessions : 1994
  Anomalies (GT) : 68
  Normals   (GT) : 1926

📈 Classification Metrics
  Accuracy   : 0.9664
  Precision  : 0.5714
  Recall     : 0.0588
  F1-Score   : 0.1067
  MCC        : 0.1757
  FPR        : 0.0016
  FNR        : 0.9412

📉 Curve-based Metrics
  ROC-AUC    : 0.6074
  PR-AUC     : 0.0869

🔲 Confusion Matrix  (rows=GT, cols=Pred)
             Pred=Normal  Pred=Anomaly
  GT=Normal         1923             3
  GT=Anomaly          64             4

🆕 KNN-RAG: Novel Log Category Detection
  Novel sessions : 5
    ↳ Anomaly    : 2
    ↳ Normal     : 3
  Known sessions : 1989
    ↳ Anomaly    : 66
    ↳ Normal     : 1923

============================================================
2026-03-01 17:31:14 | INFO     | logsentry.__main__ | Metrics saved → result/2k\metrics.txt
2026-03-01 17:31:14 | INFO     | logsentry.__main__ | [Visualizations] Generating plots → result/2k\visualizations
2026-03-01 17:31:15 | INFO     | logsentry.__main__ | ============================================================
2026-03-01 17:31:15 | INFO     | logsentry.__main__ |   Evaluation complete.
2026-03-01 17:31:15 | INFO     | logsentry.__main__ |   Metrics  : result/2k\metrics.txt
2026-03-01 17:31:15 | INFO     | logsentry.__main__ |   Plots    : result/2k\visualizations/
2026-03-01 17:31:15 | INFO     | logsentry.__main__ | ============================================================
2026-03-01 17:46:28 | INFO     | logsentry.__main__ | ============================================================
2026-03-01 17:46:28 | INFO     | logsentry.__main__ |   LogSentry — Training Pipeline
2026-03-01 17:46:28 | INFO     | logsentry.__main__ | ============================================================
2026-03-01 17:46:28 | INFO     | logsentry.__main__ | Device: cuda
2026-03-01 17:46:28 | INFO     | logsentry.__main__ | [Data] Loading pre-training dataset...
2026-03-01 17:46:56 | INFO     | logsentry.__main__ | [Data] Pre-train pairs: 10000
2026-03-01 17:46:56 | INFO     | logsentry.__main__ | [Data] Loading fine-tuning dataset...
2026-03-01 17:48:01 | INFO     | logsentry.__main__ | [Data] Fine-tune samples: 7940
2026-03-01 17:48:01 | INFO     | logsentry.__main__ | [Pretrain] Starting contrastive pre-training...
2026-03-01 17:48:03 | INFO     | logsentry.__main__ | [Pretrain] Trainable params: 3,074 (BERT frozen)
2026-03-01 18:20:58 | INFO     | logsentry.training.pretrain | [Pretrain] Epoch 1/10 — Avg Loss: 3.7827
2026-03-01 18:45:14 | INFO     | logsentry.training.pretrain | [Pretrain] Epoch 2/10 — Avg Loss: 3.5447
2026-03-01 19:08:12 | INFO     | logsentry.training.pretrain | [Pretrain] Epoch 3/10 — Avg Loss: 3.5035
2026-03-01 19:30:04 | INFO     | logsentry.training.pretrain | [Pretrain] Epoch 4/10 — Avg Loss: 3.4891
2026-03-01 19:43:54 | INFO     | logsentry.training.pretrain | [Pretrain] Epoch 5/10 — Avg Loss: 3.4813
2026-03-01 19:58:36 | INFO     | logsentry.training.pretrain | [Pretrain] Epoch 6/10 — Avg Loss: 3.4785
2026-03-01 20:15:44 | INFO     | logsentry.training.pretrain | [Pretrain] Epoch 7/10 — Avg Loss: 3.4755
2026-03-01 20:55:48 | INFO     | logsentry.training.pretrain | [Pretrain] Epoch 8/10 — Avg Loss: 3.4748
2026-03-01 21:14:37 | INFO     | logsentry.training.pretrain | [Pretrain] Epoch 9/10 — Avg Loss: 3.4728
2026-03-01 21:39:47 | INFO     | logsentry.training.pretrain | [Pretrain] Epoch 10/10 — Avg Loss: 3.4729
2026-03-01 21:39:47 | INFO     | logsentry.__main__ | [Finetune] Starting supervised fine-tuning...
2026-03-01 21:39:47 | INFO     | logsentry.__main__ | [Finetune] Trainable params: 591,361 (BERT frozen)
2026-03-01 21:50:50 | INFO     | logsentry.training.finetune | [Finetune] Epoch 1/10 — Avg Loss: 1.3073
2026-03-01 22:02:25 | INFO     | logsentry.training.finetune | [Finetune] Epoch 2/10 — Avg Loss: 1.2788
2026-03-01 22:12:42 | INFO     | logsentry.training.finetune | [Finetune] Epoch 3/10 — Avg Loss: 1.2230
2026-03-01 22:21:25 | INFO     | logsentry.training.finetune | [Finetune] Epoch 4/10 — Avg Loss: 1.1908
2026-03-01 22:30:15 | INFO     | logsentry.training.finetune | [Finetune] Epoch 5/10 — Avg Loss: 1.1600
2026-03-01 22:38:51 | INFO     | logsentry.training.finetune | [Finetune] Epoch 6/10 — Avg Loss: 1.1386
2026-03-01 22:48:27 | INFO     | logsentry.training.finetune | [Finetune] Epoch 7/10 — Avg Loss: 1.1257
2026-03-01 22:58:17 | INFO     | logsentry.training.finetune | [Finetune] Epoch 8/10 — Avg Loss: 1.1097
2026-03-01 23:07:46 | INFO     | logsentry.training.finetune | [Finetune] Epoch 9/10 — Avg Loss: 1.1181
2026-03-01 23:18:06 | INFO     | logsentry.training.finetune | [Finetune] Epoch 10/10 — Avg Loss: 1.0941
2026-03-01 23:18:08 | INFO     | logsentry.__main__ | Saved encoder    → ai-models/100k-dataset\bert_encoder.pt
2026-03-01 23:18:08 | INFO     | logsentry.__main__ | Saved classifier → ai-models/100k-dataset\log_classifier.pt
2026-03-01 23:29:14 | INFO     | logsentry.services.hugging_face | Initialize Pushing model to Hugging Face
2026-03-01 23:29:29 | INFO     | logsentry.services.hugging_face | Model pushed to Hugging Face
2026-03-01 23:29:29 | INFO     | logsentry.__main__ | Pipeline complete.
2026-03-01 23:31:57 | INFO     | logsentry.__main__ | ============================================================
2026-03-01 23:31:57 | INFO     | logsentry.__main__ |   LogSentry — Prediction & Evaluation
2026-03-01 23:31:57 | INFO     | logsentry.__main__ | ============================================================
2026-03-01 23:31:57 | INFO     | logsentry.__main__ | Device : cuda
2026-03-01 23:31:57 | INFO     | logsentry.__main__ | [Data] Loading HDFSFinetuneDataset …
2026-03-01 23:33:07 | INFO     | logsentry.__main__ | [Data] 7940 sessions loaded.
2026-03-01 23:33:07 | INFO     | logsentry.__main__ | [Load] Encoder -> ai-models/100k-dataset\bert_encoder.pt
2026-03-01 23:33:11 | INFO     | logsentry.__main__ | [Load] Classifier -> ai-models/100k-dataset\log_classifier.pt
2026-03-01 23:33:11 | INFO     | logsentry.__main__ | [Load] KNN index -> ai-models/100k-dataset/knn.index
2026-03-01 23:33:11 | INFO     | logsentry.__main__ | [Calibrate] Computing KNN distance distribution for novel threshold
2026-03-01 23:40:28 | INFO     | logsentry.__main__ | [Calibrate] NN-dist  mean=0.0046  std=0.0778  ->  novel_thresh=0.1602  (mean + 2.0σ)
2026-03-01 23:40:28 | INFO     | logsentry.__main__ | [Predict] Running inference on 7940 sessions …
2026-03-01 23:45:48 | DEBUG    | logsentry.__main__ | [Predict] Processed 1600 / 7940 sessions
2026-03-01 23:47:48 | DEBUG    | logsentry.__main__ | [Predict] Processed 3200 / 7940 sessions
2026-03-01 23:51:02 | DEBUG    | logsentry.__main__ | [Predict] Processed 4800 / 7940 sessions
2026-03-01 23:54:10 | DEBUG    | logsentry.__main__ | [Predict] Processed 6400 / 7940 sessions
2026-03-01 23:57:07 | INFO     | logsentry.__main__ | [Threshold] PR-curve optimal threshold → 0.4283
2026-03-01 23:57:07 | INFO     | logsentry.__main__ | [Metrics] Computing evaluation metrics …
2026-03-01 23:57:07 | INFO     | logsentry.__main__ | 
============================================================
  LogSentry — Anomaly Detection Evaluation Report
============================================================

📁 Model Artefacts
  Encoder    : ai-models/100k-dataset\bert_encoder.pt
  Classifier : ai-models/100k-dataset\log_classifier.pt
  KNN index  : ai-models/100k-dataset
  Beta (β)   : 0.68
  KNN-k      : 10
  Novel thresh: 0.1602

📊 Dataset
  Total sessions : 7940
  Anomalies (GT) : 313
  Normals   (GT) : 7627

📈 Classification Metrics
  Accuracy   : 0.9773
  Precision  : 0.9854
  Recall     : 0.4313
  F1-Score   : 0.6000
  MCC        : 0.6441
  FPR        : 0.0003
  FNR        : 0.5687

📉 Curve-based Metrics
  ROC-AUC    : 0.7177
  PR-AUC     : 0.4818

🔲 Confusion Matrix  (rows=GT, cols=Pred)
             Pred=Normal  Pred=Anomaly
  GT=Normal         7625             2
  GT=Anomaly         178           135

🆕 KNN-RAG: Novel Log Category Detection
  Novel sessions : 25
    ↳ Anomaly    : 8
    ↳ Normal     : 17
  Known sessions : 7915
    ↳ Anomaly    : 305
    ↳ Normal     : 7610

============================================================
2026-03-01 23:57:07 | INFO     | logsentry.__main__ | Metrics saved → result/100k\metrics.txt
2026-03-01 23:57:07 | INFO     | logsentry.__main__ | [Visualizations] Generating plots → result/100k\visualizations
2026-03-01 23:57:09 | INFO     | logsentry.__main__ | ============================================================
2026-03-01 23:57:09 | INFO     | logsentry.__main__ |   Evaluation complete.
2026-03-01 23:57:09 | INFO     | logsentry.__main__ |   Metrics  : result/100k\metrics.txt
2026-03-01 23:57:09 | INFO     | logsentry.__main__ |   Plots    : result/100k\visualizations/
2026-03-01 23:57:09 | INFO     | logsentry.__main__ | ============================================================
2026-03-03 23:42:44 | INFO     | logsentry.__main__ | ============================================================
2026-03-03 23:42:44 | INFO     | logsentry.__main__ |   LogSentry — Training Pipeline
2026-03-03 23:42:44 | INFO     | logsentry.__main__ | ============================================================
2026-03-03 23:42:44 | INFO     | logsentry.__main__ | Device: cpu
2026-03-03 23:42:44 | INFO     | logsentry.__main__ | [Data] Loading pre-training dataset...
2026-03-03 23:42:45 | INFO     | logsentry.__main__ | [Data] Pre-train pairs: 200
2026-03-03 23:42:45 | INFO     | logsentry.__main__ | [Data] Loading fine-tuning dataset...
2026-03-03 23:43:26 | INFO     | logsentry.__main__ | [Data] Fine-tune samples: 1994
2026-03-03 23:43:26 | INFO     | logsentry.__main__ | [Pretrain] Starting contrastive pre-training...
2026-03-03 23:43:26 | INFO     | logsentry.__main__ | [Pretrain] Trainable params: 3,074 (BERT frozen)
2026-03-03 23:44:10 | INFO     | logsentry.training.pretrain | [Pretrain] Epoch 1/1 — Avg Loss: 2.9594
2026-03-03 23:44:10 | INFO     | logsentry.__main__ | [Finetune] Starting supervised fine-tuning...
2026-03-03 23:44:10 | INFO     | logsentry.__main__ | [Finetune] Trainable params: 591,361 (BERT frozen)
2026-03-03 23:46:23 | INFO     | logsentry.training.finetune | [Finetune] Epoch 1/1 — Avg Loss: 1.3483
2026-03-03 23:46:24 | INFO     | logsentry.__main__ | Saved encoder    → ai-models/2k-dataset\bert_encoder.pt
2026-03-03 23:46:24 | INFO     | logsentry.__main__ | Saved classifier → ai-models/2k-dataset\log_classifier.pt
2026-03-03 23:47:56 | INFO     | logsentry.__main__ | Pipeline complete.
2026-03-04 00:11:03 | INFO     | logsentry.__main__ | ============================================================
2026-03-04 00:11:03 | INFO     | logsentry.__main__ |   LogSentry — Training Pipeline
2026-03-04 00:11:03 | INFO     | logsentry.__main__ | ============================================================
2026-03-04 00:11:03 | INFO     | logsentry.__main__ | Device: cpu
2026-03-04 00:11:03 | INFO     | logsentry.__main__ | [Data] Loading pre-training dataset...
2026-03-04 00:11:06 | INFO     | logsentry.__main__ | [Data] Pre-train pairs: 200
2026-03-04 00:11:06 | INFO     | logsentry.__main__ | [Data] Loading fine-tuning dataset...
2026-03-04 00:11:44 | INFO     | logsentry.__main__ | [Data] Fine-tune samples: 1994
2026-03-04 00:11:44 | INFO     | logsentry.__main__ | [Pretrain] Starting contrastive pre-training...
2026-03-04 00:11:45 | INFO     | logsentry.__main__ | [Pretrain] Trainable params: 3,074 (BERT frozen)
2026-03-04 00:12:24 | INFO     | logsentry.training.pretrain | [Pretrain] Epoch 1/1 — Avg Loss: 2.8619
2026-03-04 00:12:24 | INFO     | logsentry.__main__ | [Finetune] Starting supervised fine-tuning...
2026-03-04 00:12:24 | INFO     | logsentry.__main__ | [Finetune] Trainable params: 591,361 (BERT frozen)
2026-03-04 00:14:31 | INFO     | logsentry.training.finetune | [Finetune] Epoch 1/1 — Avg Loss: 1.3444
2026-03-04 00:14:32 | INFO     | logsentry.__main__ | Saved encoder    → ai-models/2k-dataset\bert_encoder.pt
2026-03-04 00:14:32 | INFO     | logsentry.__main__ | Saved classifier → ai-models/2k-dataset\log_classifier.pt
2026-03-04 00:16:03 | INFO     | logsentry.__main__ | Pipeline complete.
2026-03-04 00:54:50 | INFO     | logsentry.__main__ | ============================================================
2026-03-04 00:54:50 | INFO     | logsentry.__main__ |   LogSentry — Training Pipeline
2026-03-04 00:54:50 | INFO     | logsentry.__main__ | ============================================================
2026-03-04 00:54:50 | INFO     | logsentry.__main__ | Device: cpu
2026-03-04 00:54:50 | INFO     | logsentry.__main__ | [Data] Loading pre-training dataset...
2026-03-04 00:54:51 | INFO     | logsentry.__main__ | [Data] Pre-train pairs: 200
2026-03-04 00:54:51 | INFO     | logsentry.__main__ | [Data] Loading fine-tuning dataset...
2026-03-04 00:55:13 | INFO     | logsentry.__main__ | [Data] Fine-tune samples: 1994
2026-03-04 00:55:13 | INFO     | logsentry.__main__ | [Pretrain] Starting contrastive pre-training...
2026-03-04 00:55:14 | INFO     | logsentry.__main__ | [Pretrain] Trainable params: 3,074 (BERT frozen)
2026-03-04 00:55:46 | INFO     | logsentry.training.pretrain | [Pretrain] Epoch 1/1 — Avg Loss: 3.0698
2026-03-04 00:55:46 | INFO     | logsentry.__main__ | [Finetune] Starting supervised fine-tuning...
2026-03-04 00:55:46 | INFO     | logsentry.__main__ | [Finetune] Trainable params: 591,361 (BERT frozen)
2026-03-04 00:57:44 | INFO     | logsentry.training.finetune | [Finetune] Epoch 1/1 — Avg Loss: 1.3498
2026-03-04 00:57:45 | INFO     | logsentry.__main__ | Saved encoder    → ai-models/2k-dataset\bert_encoder.pt
2026-03-04 00:57:45 | INFO     | logsentry.__main__ | Saved classifier → ai-models/2k-dataset\log_classifier.pt
2026-03-04 00:59:11 | INFO     | logsentry.__main__ | Pipeline complete.
2026-03-04 01:01:20 | INFO     | logsentry.__main__ | ============================================================
2026-03-04 01:01:20 | INFO     | logsentry.__main__ |   LogSentry — Prediction & Evaluation
2026-03-04 01:01:20 | INFO     | logsentry.__main__ | ============================================================
2026-03-04 01:01:20 | INFO     | logsentry.__main__ | Device : cpu
2026-03-04 01:01:20 | INFO     | logsentry.__main__ | [Data] Loading HDFSFinetuneDataset …
2026-03-04 01:01:45 | INFO     | logsentry.__main__ | [Data] 1994 sessions loaded.
2026-03-04 01:01:45 | INFO     | logsentry.__main__ | [Load] Encoder -> ai-models/2k-dataset\bert_encoder.pt
2026-03-04 01:01:46 | INFO     | logsentry.__main__ | [Load] Classifier -> ai-models/2k-dataset\log_classifier.pt
2026-03-04 01:01:46 | INFO     | logsentry.__main__ | [Load] KNN index -> ai-models/2k-dataset/knn.index
2026-03-04 01:01:46 | INFO     | logsentry.__main__ | [Calibrate] Computing KNN distance distribution for novel threshold
2026-03-04 01:04:22 | INFO     | logsentry.__main__ | [Calibrate] NN-dist  mean=0.0218  std=0.4888  ->  novel_thresh=0.9993  (mean + 2.0σ)
2026-03-04 01:04:22 | INFO     | logsentry.__main__ | [Predict] Running inference on 1994 sessions …
2026-03-04 01:06:28 | DEBUG    | logsentry.__main__ | [Predict] Processed 800 / 1994 sessions
2026-03-04 01:08:52 | DEBUG    | logsentry.__main__ | [Predict] Processed 1600 / 1994 sessions
2026-03-04 01:09:56 | INFO     | logsentry.__main__ | [Threshold] PR-curve optimal threshold → 0.4735
2026-03-04 01:09:56 | INFO     | logsentry.__main__ | [Metrics] Computing evaluation metrics …
2026-03-04 01:09:56 | INFO     | logsentry.__main__ | 
============================================================
  LogSentry — Anomaly Detection Evaluation Report
============================================================

📁 Model Artefacts
  Encoder    : ai-models/2k-dataset\bert_encoder.pt
  Classifier : ai-models/2k-dataset\log_classifier.pt
  KNN index  : ai-models/2k-dataset
  Beta (β)   : 0.68
  KNN-k      : 10
  Novel thresh: 0.9993

📊 Dataset
  Total sessions : 1994
  Anomalies (GT) : 68
  Normals   (GT) : 1926

📈 Classification Metrics
  Accuracy   : 0.9664
  Precision  : 0.5714
  Recall     : 0.0588
  F1-Score   : 0.1067
  MCC        : 0.1757
  FPR        : 0.0016
  FNR        : 0.9412

📉 Curve-based Metrics
  ROC-AUC    : 0.6041
  PR-AUC     : 0.0865

🔲 Confusion Matrix  (rows=GT, cols=Pred)
             Pred=Normal  Pred=Anomaly
  GT=Normal         1923             3
  GT=Anomaly          64             4

🆕 KNN-RAG: Novel Log Category Detection
  Novel sessions : 6
    ↳ Anomaly    : 2
    ↳ Normal     : 4
  Known sessions : 1988
    ↳ Anomaly    : 66
    ↳ Normal     : 1922

============================================================
2026-03-04 01:09:56 | INFO     | logsentry.__main__ | Metrics saved → result/2k\metrics.txt
2026-03-04 01:09:56 | INFO     | logsentry.__main__ | [Visualizations] Generating plots → result/2k\visualizations
2026-03-04 01:09:57 | INFO     | logsentry.__main__ | ============================================================
2026-03-04 01:09:57 | INFO     | logsentry.__main__ |   Evaluation complete.
2026-03-04 01:09:57 | INFO     | logsentry.__main__ |   Metrics  : result/2k\metrics.txt
2026-03-04 01:09:57 | INFO     | logsentry.__main__ |   Plots    : result/2k\visualizations/
2026-03-04 01:09:57 | INFO     | logsentry.__main__ | ============================================================
